#
# A fatal error has been detected by the Java Runtime Environment:
#
#  EXCEPTION_ACCESS_VIOLATION (0xc0000005) at pc=0xffffffffa36b5120, pid=3312, tid=0x00000000000000d0
#
# JRE version: OpenJDK Runtime Environment (8.0_112-b06) (build 1.8.0_112-release-b06)
# Java VM: OpenJDK 64-Bit Server VM (25.112-b06 mixed mode windows-amd64 compressed oops)
# Problematic frame:
# C  0xffffffffa36b5120
#
# Failed to write core dump. Minidumps are not enabled by default on client versions of Windows
#
# If you would like to submit a bug report, please visit:
#   http://bugreport.java.com/bugreport/crash.jsp
#

---------------  T H R E A D  ---------------

Current thread (0x0000000018184000):  JavaThread "Daemon worker Thread 7" [_thread_in_Java, id=208, stack(0x00000000300f0000,0x00000000301f0000)]

siginfo: ExceptionCode=0xc0000005, ExceptionInformation=0x0000000000000008 0xffffffffa36b5120

Registers:
RAX=0x00000000e22168b8, RBX=0x0000000000009ea0, RCX=0x0000000000000000, RDX=0x00000000e22168b8
RSP=0x00000000301ebd38, RBP=0x00000000301ebfc8, RSI=0x000000001593c478, RDI=0x0000000000000000
R8 =0x0000000000000000, R9 =0x000000001fd90550, R10=0x0000000000000000, R11=0x00000000190bdc10
R12=0x0000000000000000, R13=0x00000000301ebf78, R14=0x00000000301ebd90, R15=0x0000000018184000
RIP=0xffffffffa36b5120, EFLAGS=0x0000000000010202

Top of Stack: (sp=0x00000000301ebd38)
0x00000000301ebd38:   000000000284c004 0000000000009ea0
0x00000000301ebd48:   000000000000e498 0000000000000000
0x00000000301ebd58:   0000000000000000 0000000000000000
0x00000000301ebd68:   0000000000000000 0000000000000000
0x00000000301ebd78:   000000001fd90550 00000000e22168b8
0x00000000301ebd88:   0000000000000000 00000000e1fe8b48
0x00000000301ebd98:   0000000000000000 00000000301ebfc8
0x00000000301ebda8:   00000000054e91dc 0000000000000000
0x00000000301ebdb8:   0000000000000000 0000000000000000
0x00000000301ebdc8:   0000000000000000 0000000000000000
0x00000000301ebdd8:   00000000025c59f0 0000000015755f38
0x00000000301ebde8:   0000000000000000 00000000301ebe89
0x00000000301ebdf8:   0000000062775008 000000001ba51670
0x00000000301ebe08:   0000000018184000 000000000000001c
0x00000000301ebe18:   00000000158b9a28 00000000e1feb250
0x00000000301ebe28:   00000000e1fe8b48 000000001fd90550 

Instructions: (pc=0xffffffffa36b5120)
0xffffffffa36b5100:   
[error occurred during error reporting (printing registers, top of stack, instructions near pc), id 0xc0000005]

Register to memory mapping:

RAX=0x00000000e22168b8 is an oop
java.util.zip.ZipEntry 
 - klass: 'java/util/zip/ZipEntry'
RBX=0x0000000000009ea0 is an unknown value
RCX=0x0000000000000000 is an unknown value
RDX=0x00000000e22168b8 is an oop
java.util.zip.ZipEntry 
 - klass: 'java/util/zip/ZipEntry'
RSP=0x00000000301ebd38 is pointing into the stack for thread: 0x0000000018184000
RBP=0x00000000301ebfc8 is pointing into the stack for thread: 0x0000000018184000
RSI=0x000000001593c478 is pointing into metadata
RDI=0x0000000000000000 is an unknown value
R8 =0x0000000000000000 is an unknown value
R9 =0x000000001fd90550 is an unknown value
R10=0x0000000000000000 is an unknown value
R11=0x00000000190bdc10 is an unknown value
R12=0x0000000000000000 is an unknown value
R13=0x00000000301ebf78 is pointing into the stack for thread: 0x0000000018184000
R14=0x00000000301ebd90 is pointing into the stack for thread: 0x0000000018184000
R15=0x0000000018184000 is a thread


Stack: [0x00000000300f0000,0x00000000301f0000],  sp=0x00000000301ebd38,  free space=1007k
Native frames: (J=compiled Java code, j=interpreted, Vv=VM code, C=native code)
C  0xffffffffa36b5120


---------------  P R O C E S S  ---------------

Java Threads: ( => current thread )
  0x000000001818d800 JavaThread "pool-56-thread-4" [_thread_blocked, id=2988, stack(0x0000000030bf0000,0x0000000030cf0000)]
  0x0000000018190800 JavaThread "pool-56-thread-3" [_thread_blocked, id=8320, stack(0x0000000030af0000,0x0000000030bf0000)]
  0x0000000018192000 JavaThread "pool-56-thread-2" [_thread_blocked, id=8216, stack(0x00000000309f0000,0x0000000030af0000)]
  0x000000001818d000 JavaThread "pool-56-thread-1" [_thread_blocked, id=1264, stack(0x00000000308f0000,0x00000000309f0000)]
  0x0000000018184800 JavaThread "Cache update executor" [_thread_blocked, id=2504, stack(0x00000000307f0000,0x00000000308f0000)]
  0x000000001818b800 JavaThread "Stdin handler" [_thread_blocked, id=3412, stack(0x00000000306f0000,0x00000000307f0000)]
  0x0000000018188800 JavaThread "Asynchronous log dispatcher for DefaultDaemonConnection: socket connection from /127.0.0.1:50048 to /127.0.0.1:52499" [_thread_blocked, id=5596, stack(0x00000000305f0000,0x00000000306f0000)]
  0x0000000018187000 JavaThread "Cancel handler" [_thread_blocked, id=5344, stack(0x00000000304f0000,0x00000000305f0000)]
  0x000000001818a800 JavaThread "Handler for socket connection from /127.0.0.1:50048 to /127.0.0.1:52499" [_thread_in_native, id=7272, stack(0x00000000303f0000,0x00000000304f0000)]
=>0x0000000018184000 JavaThread "Daemon worker Thread 7" [_thread_in_Java, id=208, stack(0x00000000300f0000,0x00000000301f0000)]
  0x0000000018183000 JavaThread "Daemon Thread 7" [_thread_blocked, id=264, stack(0x000000002fdf0000,0x000000002fef0000)]
  0x0000000018190000 JavaThread "pool-14-thread-4" [_thread_blocked, id=5600, stack(0x0000000028ef0000,0x0000000028ff0000)]
  0x000000001818f000 JavaThread "pool-14-thread-3" [_thread_blocked, id=2096, stack(0x0000000028cf0000,0x0000000028df0000)]
  0x000000001818e800 JavaThread "pool-14-thread-2" [_thread_blocked, id=6828, stack(0x0000000028bf0000,0x0000000028cf0000)]
  0x0000000018191800 JavaThread "pool-14-thread-1" [_thread_blocked, id=2008, stack(0x0000000028af0000,0x0000000028bf0000)]
  0x000000001960b800 JavaThread "File lock request listener" [_thread_in_native, id=600, stack(0x000000001b5a0000,0x000000001b6a0000)]
  0x000000001917f000 JavaThread "pool-1-thread-1" [_thread_blocked, id=8772, stack(0x0000000019ed0000,0x0000000019fd0000)]
  0x0000000018975800 JavaThread "Incoming local TCP Connector on port 50048" [_thread_in_native, id=5040, stack(0x0000000019900000,0x0000000019a00000)]
  0x0000000017485800 JavaThread "Service Thread" daemon [_thread_blocked, id=8776, stack(0x0000000017d10000,0x0000000017e10000)]
  0x0000000017434000 JavaThread "C1 CompilerThread2" daemon [_thread_blocked, id=8792, stack(0x0000000017c10000,0x0000000017d10000)]
  0x000000001607a800 JavaThread "C2 CompilerThread1" daemon [_thread_blocked, id=4388, stack(0x0000000017b10000,0x0000000017c10000)]
  0x0000000016078000 JavaThread "C2 CompilerThread0" daemon [_thread_blocked, id=5028, stack(0x0000000017a10000,0x0000000017b10000)]
  0x0000000017418800 JavaThread "Attach Listener" daemon [_thread_blocked, id=4480, stack(0x0000000017910000,0x0000000017a10000)]
  0x000000001602c800 JavaThread "Signal Dispatcher" daemon [_thread_blocked, id=8848, stack(0x0000000017810000,0x0000000017910000)]
  0x00000000026ab800 JavaThread "Finalizer" daemon [_thread_blocked, id=5112, stack(0x0000000017280000,0x0000000017380000)]
  0x00000000026a0800 JavaThread "Reference Handler" daemon [_thread_blocked, id=1588, stack(0x0000000017180000,0x0000000017280000)]
  0x00000000025b0800 JavaThread "main" [_thread_blocked, id=8852, stack(0x00000000024b0000,0x00000000025b0000)]

Other Threads:
  0x0000000015fe4000 VMThread [stack: 0x0000000017080000,0x0000000017180000] [id=8260]
  0x000000001748f800 WatcherThread [stack: 0x0000000017e10000,0x0000000017f10000] [id=8908]

VM state:not at safepoint (normal execution)

VM Mutex/Monitor currently owned by a thread: None

Heap:
 PSYoungGen      total 343552K, used 70797K [0x00000000e0000000, 0x00000000f8200000, 0x0000000100000000)
  eden space 309248K, 11% used [0x00000000e0000000,0x00000000e23a9a50,0x00000000f2e00000)
  from space 34304K, 99% used [0x00000000f5500000,0x00000000f7679b88,0x00000000f7680000)
  to   space 39936K, 0% used [0x00000000f2e00000,0x00000000f2e00000,0x00000000f5500000)
 ParOldGen       total 130048K, used 65196K [0x00000000a0000000, 0x00000000a7f00000, 0x00000000e0000000)
  object space 130048K, 50% used [0x00000000a0000000,0x00000000a3fab0d0,0x00000000a7f00000)
 Metaspace       used 80928K, capacity 85532K, committed 86400K, reserved 1124352K
  class space    used 10246K, capacity 10917K, committed 11136K, reserved 1048576K

Card table byte_map: [0x0000000011a70000,0x0000000011d80000] byte_map_base: 0x0000000011570000

Marking Bits: (ParMarkBitMap*) 0x0000000062ea18f0
 Begin Bits: [0x0000000012380000, 0x0000000013b80000)
 End Bits:   [0x0000000013b80000, 0x0000000015380000)

Polling page: 0x0000000002100000

CodeCache: size=245760Kb used=58183Kb max_used=58197Kb free=187576Kb
 bounds [0x00000000026b0000, 0x0000000005fe0000, 0x00000000116b0000]
 total_blobs=16848 nmethods=16020 adapters=740
 compilation: enabled

Compilation events (10 events):
Event: 9249.309 Thread 0x0000000017434000 nmethod 20409 0x0000000004a9d310 code [0x0000000004a9d4c0, 0x0000000004a9da38]
Event: 9249.309 Thread 0x0000000017434000 20410       3       java.util.jar.JarFile$JarEntryIterator::nextElement (5 bytes)
Event: 9249.309 Thread 0x0000000017434000 nmethod 20410 0x0000000002ae65d0 code [0x0000000002ae6760, 0x0000000002ae6c58]
Event: 9249.309 Thread 0x0000000017434000 20411       3       java.util.jar.JarFile$JarEntryIterator::next (26 bytes)
Event: 9249.309 Thread 0x0000000017434000 nmethod 20411 0x0000000005f9c410 code [0x0000000005f9c5a0, 0x0000000005f9ca18]
Event: 9249.312 Thread 0x0000000016078000 20412       4       java.util.zip.ZipEntry::<init> (146 bytes)
Event: 9249.313 Thread 0x000000001607a800 20413       4       java.util.zip.ZipFile::getZipEntry (236 bytes)
Event: 9249.314 Thread 0x0000000016078000 nmethod 20412 0x0000000002847b50 code [0x0000000002847c80, 0x0000000002847d98]
Event: 9249.314 Thread 0x0000000016078000 20414       4       java.util.zip.ZipEntry::<init> (43 bytes)
Event: 9249.314 Thread 0x0000000016078000 nmethod 20414 0x00000000059ebd50 code [0x00000000059ebe80, 0x00000000059ebf18]

GC Heap History (10 events):
Event: 7420.044 GC heap before
{Heap before GC invocations=22 (full 3):
 PSYoungGen      total 237568K, used 237087K [0x00000000e0000000, 0x00000000f5480000, 0x0000000100000000)
  eden space 220672K, 100% used [0x00000000e0000000,0x00000000ed780000,0x00000000ed780000)
  from space 16896K, 97% used [0x00000000f4400000,0x00000000f5407cd0,0x00000000f5480000)
  to   space 28672K, 0% used [0x00000000f1c80000,0x00000000f1c80000,0x00000000f3880000)
 ParOldGen       total 102400K, used 82542K [0x00000000a0000000, 0x00000000a6400000, 0x00000000e0000000)
  object space 102400K, 80% used [0x00000000a0000000,0x00000000a509b920,0x00000000a6400000)
 Metaspace       used 80540K, capacity 85344K, committed 85632K, reserved 1124352K
  class space    used 10279K, capacity 11010K, committed 11136K, reserved 1048576K
Event: 7420.158 GC heap after
Heap after GC invocations=22 (full 3):
 PSYoungGen      total 228352K, used 16494K [0x00000000e0000000, 0x00000000f4480000, 0x0000000100000000)
  eden space 211456K, 0% used [0x00000000e0000000,0x00000000e0000000,0x00000000ece80000)
  from space 16896K, 97% used [0x00000000f1c80000,0x00000000f2c9bb68,0x00000000f2d00000)
  to   space 24064K, 0% used [0x00000000f2d00000,0x00000000f2d00000,0x00000000f4480000)
 ParOldGen       total 102400K, used 82550K [0x00000000a0000000, 0x00000000a6400000, 0x00000000e0000000)
  object space 102400K, 80% used [0x00000000a0000000,0x00000000a509d920,0x00000000a6400000)
 Metaspace       used 80540K, capacity 85344K, committed 85632K, reserved 1124352K
  class space    used 10279K, capacity 11010K, committed 11136K, reserved 1048576K
}
Event: 7425.902 GC heap before
{Heap before GC invocations=23 (full 3):
 PSYoungGen      total 228352K, used 227950K [0x00000000e0000000, 0x00000000f4480000, 0x0000000100000000)
  eden space 211456K, 100% used [0x00000000e0000000,0x00000000ece80000,0x00000000ece80000)
  from space 16896K, 97% used [0x00000000f1c80000,0x00000000f2c9bb68,0x00000000f2d00000)
  to   space 24064K, 0% used [0x00000000f2d00000,0x00000000f2d00000,0x00000000f4480000)
 ParOldGen       total 102400K, used 82550K [0x00000000a0000000, 0x00000000a6400000, 0x00000000e0000000)
  object space 102400K, 80% used [0x00000000a0000000,0x00000000a509d920,0x00000000a6400000)
 Metaspace       used 80884K, capacity 85712K, committed 85888K, reserved 1124352K
  class space    used 10283K, capacity 11018K, committed 11136K, reserved 1048576K
Event: 7426.229 GC heap after
Heap after GC invocations=23 (full 3):
 PSYoungGen      total 282112K, used 24052K [0x00000000e0000000, 0x00000000f4480000, 0x0000000100000000)
  eden space 258048K, 0% used [0x00000000e0000000,0x00000000e0000000,0x00000000efc00000)
  from space 24064K, 99% used [0x00000000f2d00000,0x00000000f447d320,0x00000000f4480000)
  to   space 35328K, 0% used [0x00000000eff80000,0x00000000eff80000,0x00000000f2200000)
 ParOldGen       total 102400K, used 94835K [0x00000000a0000000, 0x00000000a6400000, 0x00000000e0000000)
  object space 102400K, 92% used [0x00000000a0000000,0x00000000a5c9cc78,0x00000000a6400000)
 Metaspace       used 80884K, capacity 85712K, committed 85888K, reserved 1124352K
  class space    used 10283K, capacity 11018K, committed 11136K, reserved 1048576K
}
Event: 7426.229 GC heap before
{Heap before GC invocations=24 (full 4):
 PSYoungGen      total 282112K, used 24052K [0x00000000e0000000, 0x00000000f4480000, 0x0000000100000000)
  eden space 258048K, 0% used [0x00000000e0000000,0x00000000e0000000,0x00000000efc00000)
  from space 24064K, 99% used [0x00000000f2d00000,0x00000000f447d320,0x00000000f4480000)
  to   space 35328K, 0% used [0x00000000eff80000,0x00000000eff80000,0x00000000f2200000)
 ParOldGen       total 102400K, used 94835K [0x00000000a0000000, 0x00000000a6400000, 0x00000000e0000000)
  object space 102400K, 92% used [0x00000000a0000000,0x00000000a5c9cc78,0x00000000a6400000)
 Metaspace       used 80884K, capacity 85712K, committed 85888K, reserved 1124352K
  class space    used 10283K, capacity 11018K, committed 11136K, reserved 1048576K
Event: 7427.012 GC heap after
Heap after GC invocations=24 (full 4):
 PSYoungGen      total 282112K, used 0K [0x00000000e0000000, 0x00000000f4480000, 0x0000000100000000)
  eden space 258048K, 0% used [0x00000000e0000000,0x00000000e0000000,0x00000000efc00000)
  from space 24064K, 0% used [0x00000000f2d00000,0x00000000f2d00000,0x00000000f4480000)
  to   space 35328K, 0% used [0x00000000eff80000,0x00000000eff80000,0x00000000f2200000)
 ParOldGen       total 130048K, used 63104K [0x00000000a0000000, 0x00000000a7f00000, 0x00000000e0000000)
  object space 130048K, 48% used [0x00000000a0000000,0x00000000a3da01e0,0x00000000a7f00000)
 Metaspace       used 78919K, capacity 82526K, committed 85888K, reserved 1124352K
  class space    used 9879K, capacity 10373K, committed 11136K, reserved 1048576K
}
Event: 9229.152 GC heap before
{Heap before GC invocations=25 (full 4):
 PSYoungGen      total 282112K, used 258048K [0x00000000e0000000, 0x00000000f4480000, 0x0000000100000000)
  eden space 258048K, 100% used [0x00000000e0000000,0x00000000efc00000,0x00000000efc00000)
  from space 24064K, 0% used [0x00000000f2d00000,0x00000000f2d00000,0x00000000f4480000)
  to   space 35328K, 0% used [0x00000000eff80000,0x00000000eff80000,0x00000000f2200000)
 ParOldGen       total 130048K, used 63104K [0x00000000a0000000, 0x00000000a7f00000, 0x00000000e0000000)
  object space 130048K, 48% used [0x00000000a0000000,0x00000000a3da01e0,0x00000000a7f00000)
 Metaspace       used 79543K, capacity 83520K, committed 85888K, reserved 1124352K
  class space    used 9968K, capacity 10520K, committed 11136K, reserved 1048576K
Event: 9229.318 GC heap after
Heap after GC invocations=25 (full 4):
 PSYoungGen      total 296960K, used 18294K [0x00000000e0000000, 0x00000000f7680000, 0x0000000100000000)
  eden space 261632K, 0% used [0x00000000e0000000,0x00000000e0000000,0x00000000eff80000)
  from space 35328K, 51% used [0x00000000eff80000,0x00000000f115dad0,0x00000000f2200000)
  to   space 34304K, 0% used [0x00000000f5500000,0x00000000f5500000,0x00000000f7680000)
 ParOldGen       total 130048K, used 63112K [0x00000000a0000000, 0x00000000a7f00000, 0x00000000e0000000)
  object space 130048K, 48% used [0x00000000a0000000,0x00000000a3da21e0,0x00000000a7f00000)
 Metaspace       used 79543K, capacity 83520K, committed 85888K, reserved 1124352K
  class space    used 9968K, capacity 10520K, committed 11136K, reserved 1048576K
}
Event: 9246.327 GC heap before
{Heap before GC invocations=26 (full 4):
 PSYoungGen      total 296960K, used 279189K [0x00000000e0000000, 0x00000000f7680000, 0x0000000100000000)
  eden space 261632K, 99% used [0x00000000e0000000,0x00000000efec79d0,0x00000000eff80000)
  from space 35328K, 51% used [0x00000000eff80000,0x00000000f115dad0,0x00000000f2200000)
  to   space 34304K, 0% used [0x00000000f5500000,0x00000000f5500000,0x00000000f7680000)
 ParOldGen       total 130048K, used 63112K [0x00000000a0000000, 0x00000000a7f00000, 0x00000000e0000000)
  object space 130048K, 48% used [0x00000000a0000000,0x00000000a3da21e0,0x00000000a7f00000)
 Metaspace       used 80895K, capacity 85532K, committed 86400K, reserved 1124352K
  class space    used 10245K, capacity 10917K, committed 11136K, reserved 1048576K
Event: 9246.435 GC heap after
Heap after GC invocations=26 (full 4):
 PSYoungGen      total 343552K, used 34278K [0x00000000e0000000, 0x00000000f8200000, 0x0000000100000000)
  eden space 309248K, 0% used [0x00000000e0000000,0x00000000e0000000,0x00000000f2e00000)
  from space 34304K, 99% used [0x00000000f5500000,0x00000000f7679b88,0x00000000f7680000)
  to   space 39936K, 0% used [0x00000000f2e00000,0x00000000f2e00000,0x00000000f5500000)
 ParOldGen       total 130048K, used 65196K [0x00000000a0000000, 0x00000000a7f00000, 0x00000000e0000000)
  object space 130048K, 50% used [0x00000000a0000000,0x00000000a3fab0d0,0x00000000a7f00000)
 Metaspace       used 80895K, capacity 85532K, committed 86400K, reserved 1124352K
  class space    used 10245K, capacity 10917K, committed 11136K, reserved 1048576K
}

Deoptimization events (10 events):
Event: 9238.459 Thread 0x0000000018184800 Uncommon trap: reason=bimorphic action=maybe_recompile pc=0x0000000002b9fd90 method=java.io.DataOutputStream.writeShort(I)V @ 12
Event: 9241.201 Thread 0x0000000018184800 Uncommon trap: reason=unstable_if action=reinterpret pc=0x000000000445600c method=java.util.concurrent.locks.AbstractQueuedSynchronizer.findNodeFromTail(Ljava/util/concurrent/locks/AbstractQueuedSynchronizer$Node;)Z @ 7
Event: 9242.180 Thread 0x0000000018190800 Uncommon trap: reason=unstable_if action=reinterpret pc=0x0000000004fe0d98 method=java.util.concurrent.ConcurrentLinkedQueue.offer(Ljava/lang/Object;)Z @ 91
Event: 9242.184 Thread 0x000000001818d000 Uncommon trap: reason=unstable_if action=reinterpret pc=0x0000000004fef2e0 method=java.util.concurrent.locks.AbstractQueuedSynchronizer.enq(Ljava/util/concurrent/locks/AbstractQueuedSynchronizer$Node;)Ljava/util/concurrent/locks/AbstractQueuedSynchronizer$$ÛNC;Â@
Event: 9246.463 Thread 0x0000000018184800 Uncommon trap: reason=bimorphic action=maybe_recompile pc=0x0000000002b9fd90 method=java.io.DataOutputStream.writeShort(I)V @ 12
Event: 9247.463 Thread 0x0000000018184000 Uncommon trap: reason=bimorphic action=maybe_recompile pc=0x0000000004f62a58 method=java.io.Writer.append(Ljava/lang/CharSequence;)Ljava/io/Writer; @ 20
Event: 9247.480 Thread 0x0000000018184000 Uncommon trap: reason=bimorphic action=maybe_recompile pc=0x00000000053d0218 method=org.gradle.api.internal.changedetection.state.OutputFilesSnapshotter.isOutputEntry(Ljava/lang/String;Lorg/gradle/api/internal/changedetection/state/NormalizedFileSnapshot;Lèz‚½Â@
Event: 9247.481 Thread 0x0000000018184000 Uncommon trap: reason=class_check action=maybe_recompile pc=0x00000000053d0368 method=org.gradle.api.internal.changedetection.state.FileHashSnapshot.isContentAndMetadataUpToDate(Lorg/gradle/api/internal/changedetection/state/IncrementalFileSnapshot;)Z @ 1
Event: 9247.481 Thread 0x0000000018184000 Uncommon trap: reason=class_check action=maybe_recompile pc=0x00000000053d0368 method=org.gradle.api.internal.changedetection.state.FileHashSnapshot.isContentAndMetadataUpToDate(Lorg/gradle/api/internal/changedetection/state/IncrementalFileSnapshot;)Z @ 1
Event: 9249.066 Thread 0x0000000018184000 Uncommon trap: reason=class_check action=maybe_recompile pc=0x00000000053d0368 method=org.gradle.api.internal.changedetection.state.FileHashSnapshot.isContentAndMetadataUpToDate(Lorg/gradle/api/internal/changedetection/state/IncrementalFileSnapshot;)Z @ 1

Internal exceptions (10 events):
Event: 9237.193 Thread 0x0000000018184000 Exception <a 'sun/nio/fs/WindowsException'> (0x00000000e9eacc40) thrown at [C:\src\android\AOSP-openjdk\external\jetbrains\jdk\hotspot\src\share\vm\prims\jni.cpp, line 709]
Event: 9237.194 Thread 0x0000000018184000 Exception <a 'sun/nio/fs/WindowsException'> (0x00000000e9eafeb8) thrown at [C:\src\android\AOSP-openjdk\external\jetbrains\jdk\hotspot\src\share\vm\prims\jni.cpp, line 709]
Event: 9237.194 Thread 0x0000000018184000 Exception <a 'sun/nio/fs/WindowsException'> (0x00000000e9eb0a88) thrown at [C:\src\android\AOSP-openjdk\external\jetbrains\jdk\hotspot\src\share\vm\prims\jni.cpp, line 709]
Event: 9237.194 Thread 0x0000000018184000 Exception <a 'sun/nio/fs/WindowsException'> (0x00000000e9eb26a0) thrown at [C:\src\android\AOSP-openjdk\external\jetbrains\jdk\hotspot\src\share\vm\prims\jni.cpp, line 709]
Event: 9237.194 Thread 0x0000000018184000 Exception <a 'sun/nio/fs/WindowsException'> (0x00000000e9eb32a8) thrown at [C:\src\android\AOSP-openjdk\external\jetbrains\jdk\hotspot\src\share\vm\prims\jni.cpp, line 709]
Event: 9237.195 Thread 0x0000000018184000 Exception <a 'sun/nio/fs/WindowsException'> (0x00000000e9eb5be0) thrown at [C:\src\android\AOSP-openjdk\external\jetbrains\jdk\hotspot\src\share\vm\prims\jni.cpp, line 709]
Event: 9237.195 Thread 0x0000000018184000 Exception <a 'sun/nio/fs/WindowsException'> (0x00000000e9eb6828) thrown at [C:\src\android\AOSP-openjdk\external\jetbrains\jdk\hotspot\src\share\vm\prims\jni.cpp, line 709]
Event: 9237.195 Thread 0x0000000018184000 Exception <a 'sun/nio/fs/WindowsException'> (0x00000000e9eb84b8) thrown at [C:\src\android\AOSP-openjdk\external\jetbrains\jdk\hotspot\src\share\vm\prims\jni.cpp, line 709]
Event: 9237.195 Thread 0x0000000018184000 Exception <a 'sun/nio/fs/WindowsException'> (0x00000000e9eb9138) thrown at [C:\src\android\AOSP-openjdk\external\jetbrains\jdk\hotspot\src\share\vm\prims\jni.cpp, line 709]
Event: 9238.116 Thread 0x0000000018184000 Implicit null exception at 0x0000000004190b8f to 0x0000000004197a39

Events (10 events):
Event: 9248.901 Executing VM operation: RevokeBias
Event: 9248.902 Executing VM operation: RevokeBias done
Event: 9248.902 Thread 0x000000001a7c8800 Thread exited: 0x000000001a7c8800
Event: 9248.940 Thread 0x0000000018184000 DEOPT PACKING pc=0x000000000501c738 sp=0x00000000301ec2b0
Event: 9248.940 Thread 0x0000000018184000 DEOPT UNPACKING pc=0x00000000026f71bf sp=0x00000000301ec068 mode 0
Event: 9249.066 Thread 0x0000000018184000 Uncommon trap: trap_request=0xffffffde fr.pc=0x00000000053d0368
Event: 9249.066 Thread 0x0000000018184000 DEOPT PACKING pc=0x00000000053d0368 sp=0x00000000301ec810
Event: 9249.066 Thread 0x0000000018184000 DEOPT UNPACKING pc=0x00000000026f556a sp=0x00000000301ec778 mode 2
Event: 9249.298 loading class com/android/builder/testing/MockableJarGenerator
Event: 9249.298 loading class com/android/builder/testing/MockableJarGenerator done


Dynamic libraries:
0x00007ff6b85c0000 - 0x00007ff6b85f1000 	C:\Program Files\Android\Android Studio\jre\bin\java.exe
0x00007ffd5f970000 - 0x00007ffd5fb41000 	C:\Windows\SYSTEM32\ntdll.dll
0x00007ffd5d2a0000 - 0x00007ffd5d34c000 	C:\Windows\System32\KERNEL32.DLL
0x00007ffd5cce0000 - 0x00007ffd5cefd000 	C:\Windows\System32\KERNELBASE.dll
0x00007ffd5da80000 - 0x00007ffd5db22000 	C:\Windows\System32\ADVAPI32.dll
0x00007ffd5dd40000 - 0x00007ffd5ddde000 	C:\Windows\System32\msvcrt.dll
0x00007ffd5d240000 - 0x00007ffd5d299000 	C:\Windows\System32\sechost.dll
0x00007ffd5dc10000 - 0x00007ffd5dd31000 	C:\Windows\System32\RPCRT4.dll
0x00007ffd5cf00000 - 0x00007ffd5d065000 	C:\Windows\System32\USER32.dll
0x00007ffd5c460000 - 0x00007ffd5c47e000 	C:\Windows\System32\win32u.dll
0x00007ffd5dee0000 - 0x00007ffd5df14000 	C:\Windows\System32\GDI32.dll
0x00007ffd5c230000 - 0x00007ffd5c3b0000 	C:\Windows\System32\gdi32full.dll
0x00007ffd56290000 - 0x00007ffd5650a000 	C:\Windows\WinSxS\amd64_microsoft.windows.common-controls_6595b64144ccf1df_6.0.14393.953_none_42151e83c686086b\COMCTL32.dll
0x00007ffd5e0d0000 - 0x00007ffd5e398000 	C:\Windows\System32\combase.dll
0x00007ffd5c0e0000 - 0x00007ffd5c1d5000 	C:\Windows\System32\ucrtbase.dll
0x00007ffd5cc10000 - 0x00007ffd5cc7a000 	C:\Windows\System32\bcryptPrimitives.dll
0x00007ffd5d0e0000 - 0x00007ffd5d10e000 	C:\Windows\System32\IMM32.DLL
0x0000000062600000 - 0x00000000626d2000 	C:\Program Files\Android\Android Studio\jre\jre\bin\msvcr100.dll
0x00000000626e0000 - 0x0000000062f1c000 	C:\Program Files\Android\Android Studio\jre\jre\bin\server\jvm.dll
0x00007ffd5d110000 - 0x00007ffd5d118000 	C:\Windows\System32\PSAPI.DLL
0x00007ffd578a0000 - 0x00007ffd578aa000 	C:\Windows\SYSTEM32\VERSION.dll
0x00007ffd5a290000 - 0x00007ffd5a2b3000 	C:\Windows\SYSTEM32\WINMM.dll
0x00007ffd54d90000 - 0x00007ffd54d99000 	C:\Windows\SYSTEM32\WSOCK32.dll
0x00007ffd5d070000 - 0x00007ffd5d0da000 	C:\Windows\System32\WS2_32.dll
0x00000000020b0000 - 0x00000000020db000 	C:\Windows\SYSTEM32\WINMMBASE.dll
0x00007ffd5c1e0000 - 0x00007ffd5c222000 	C:\Windows\System32\cfgmgr32.dll
0x00007ffd54d30000 - 0x00007ffd54d3f000 	C:\Program Files\Android\Android Studio\jre\jre\bin\verify.dll
0x00007ffd527a0000 - 0x00007ffd527c9000 	C:\Program Files\Android\Android Studio\jre\jre\bin\java.dll
0x00007ffd52060000 - 0x00007ffd52076000 	C:\Program Files\Android\Android Studio\jre\jre\bin\zip.dll
0x00007ffd5e460000 - 0x00007ffd5f968000 	C:\Windows\System32\SHELL32.dll
0x00007ffd5c530000 - 0x00007ffd5cc0a000 	C:\Windows\System32\windows.storage.dll
0x00007ffd5be20000 - 0x00007ffd5be6c000 	C:\Windows\System32\powrprof.dll
0x00007ffd5dde0000 - 0x00007ffd5de32000 	C:\Windows\System32\shlwapi.dll
0x00007ffd5bde0000 - 0x00007ffd5bdef000 	C:\Windows\System32\kernel.appcore.dll
0x00007ffd5c3b0000 - 0x00007ffd5c459000 	C:\Windows\System32\shcore.dll
0x00007ffd5bdf0000 - 0x00007ffd5be04000 	C:\Windows\System32\profapi.dll
0x00007ffd52040000 - 0x00007ffd5205a000 	C:\Program Files\Android\Android Studio\jre\jre\bin\net.dll
0x00007ffd5b6b0000 - 0x00007ffd5b70c000 	C:\Windows\system32\mswsock.dll
0x00007ffd51ed0000 - 0x00007ffd51ee1000 	C:\Program Files\Android\Android Studio\jre\jre\bin\nio.dll
0x00007ffd4cee0000 - 0x00007ffd4cefe000 	C:\Users\HKM\.gradle\native\23\windows-amd64\native-platform.dll
0x00007ffd5b860000 - 0x00007ffd5b877000 	C:\Windows\SYSTEM32\CRYPTSP.dll
0x00007ffd5b2b0000 - 0x00007ffd5b2e3000 	C:\Windows\system32\rsaenh.dll
0x00007ffd5bd20000 - 0x00007ffd5bd4b000 	C:\Windows\SYSTEM32\bcrypt.dll
0x00007ffd5b530000 - 0x00007ffd5b54f000 	C:\Windows\SYSTEM32\USERENV.dll
0x00007ffd5b850000 - 0x00007ffd5b85b000 	C:\Windows\SYSTEM32\CRYPTBASE.dll
0x00007ffd5b430000 - 0x00007ffd5b468000 	C:\Windows\SYSTEM32\IPHLPAPI.DLL
0x00007ffd5dba0000 - 0x00007ffd5dba8000 	C:\Windows\System32\NSI.dll
0x00007ffd576e0000 - 0x00007ffd576f6000 	C:\Windows\SYSTEM32\dhcpcsvc6.DLL
0x00007ffd57480000 - 0x00007ffd5749a000 	C:\Windows\SYSTEM32\dhcpcsvc.DLL
0x00007ffd54b70000 - 0x00007ffd54b7d000 	C:\Program Files\Android\Android Studio\jre\jre\bin\management.dll
0x00007ffd48ef0000 - 0x00007ffd48f14000 	C:\Program Files\Android\Android Studio\jre\jre\bin\sunec.dll
0x00007ffd5b470000 - 0x00007ffd5b511000 	C:\Windows\SYSTEM32\DNSAPI.dll
0x00007ffd550c0000 - 0x00007ffd550ca000 	C:\Windows\System32\rasadhlp.dll
0x00007ffd56a30000 - 0x00007ffd56a9a000 	C:\Windows\System32\fwpuclnt.dll
0x00007ffd4b110000 - 0x00007ffd4b11b000 	C:\Program Files\Android\Android Studio\jre\jre\bin\sunmscapi.dll
0x00007ffd5be70000 - 0x00007ffd5c039000 	C:\Windows\System32\CRYPT32.dll
0x00007ffd5be10000 - 0x00007ffd5be20000 	C:\Windows\System32\MSASN1.dll
0x00007ffd5b180000 - 0x00007ffd5b1b2000 	C:\Windows\SYSTEM32\ntmarta.dll
0x00007ffd55c60000 - 0x00007ffd55df2000 	C:\Windows\SYSTEM32\dbghelp.dll

VM Arguments:
jvm_args: -Xmx1536m -Dfile.encoding=x-windows-949 -Duser.country=KR -Duser.language=ko -Duser.variant 
java_command: org.gradle.launcher.daemon.bootstrap.GradleDaemon 3.3
java_class_path (initial): C:\Users\HKM\.gradle\wrapper\dists\gradle-3.3-all\55gk2rcmfc6p2dg9u9ohc3hw9\gradle-3.3\lib\gradle-launcher-3.3.jar
Launcher Type: SUN_STANDARD

Environment Variables:
JAVA_HOME=C:\Program Files\Java\jdk1.8.0_111
PATH=C:\Program Files\MySQL\MySQL Server 5.6\bin;C:\ProgramData\Oracle\Java\javapath;C:\Program Files (x86)\NVIDIA Corporation\PhysX\Common;C:\Windows\system32;C:\Windows;C:\Windows\System32\Wbem;C:\Windows\System32\WindowsPowerShell\v1.0\;C:\Program Files\Java\jdk1.8.0_111\bin;C:\Program Files\Git\cmd;D:\gradle-3.4.1\bin;C:\Users\HKM\AppData\Local\Microsoft\WindowsApps;C:\Program Files\Bandizip\7z
USERNAME=HKM
OS=Windows_NT
PROCESSOR_IDENTIFIER=Intel64 Family 6 Model 23 Stepping 10, GenuineIntel



---------------  S Y S T E M  ---------------

OS: Windows 10.0 , 64 bit Build 14393 (10.0.14393.1198)

CPU:total 4 (4 cores per cpu, 1 threads per core) family 6 model 23 stepping 10, cmov, cx8, fxsr, mmx, sse, sse2, sse3, ssse3, sse4.1, tsc

Memory: 4k page, physical 4192492k(886904k free), swap 7731436k(2204340k free)

vm_info: OpenJDK 64-Bit Server VM (25.112-b06) for windows-amd64 JRE (1.8.0_112-release-b06), built on Dec  8 2016 00:54:26 by "builder" with MS VC++ 10.0 (VS2010)

time: Thu Jun 15 11:48:55 2017
elapsed time: 9249 seconds (0d 2h 34m 9s)

